exit
cd ../bla
cd /bla
export HOME=/bla
cd
cd /bla | echo  b
echo b | cd ./bla
export HOME=/bla
cd
cd ../bla
cd
cd ../bla
cd
export 8
export
cd ../bla
cd ../bla | ls | cat meuf
make
cd ../bla | ls | cat meuf
export 8
cd ..
make
cd ..
cd minishell
cd ../bla | ls | cat meuf
bash
echo bonjour ;|
echo bonjour ||
|
echo bonjour |:
echo bonjour |;
echo bonjour; ls
echo bonjour;ls
echo bonjour > test\ 1
ls
cat test
bash
echo >
bash
cat /dev/random | head -n 1 | cat -e
bash
cat /dev/random | head -n 1 | cat -e
export ""
unset ""
bash
unset '"'
unset \"
cat srcs/built_in_export.c
export ""
unset ""
exit
$
export
env
export var; export var=test
env
export
env
export
export SALUT=BLEU
env
export
export ZORO=100
export
env
export
env'
env
export
export ZOO=BLUE
export
env
bash
env
exit
env
env | sorrt
env | sort
export ZORO=150
env
export
export encore=55
export
export abre=5
export
env
exit
cat | cat | cat | ls
$bla
$NUL
$
$BOUMM
exit
$
BLA
$BLA
\$
$
echo bonjour > test\ 1
ls
cat test
bash
echo >
$var
cat Makefile
cat Makefile | grep >
"cat Makefile | grep >"
exit
$var
echo $var
export "test=ici"=coucou
env
export
echo $test
exit
sleep 5 | exirt
sleep 2 | exit
bash
sleep 2 | exit
echo $?
cd ~
cd -
export LOL=lala ROR=rara
enc
env
export
unset LOL ROR
env
export
export "HI=hi"
env
export
unset HI
export "HI =hi"
bash
cd
ls
cd Documents
ls
cd 42
cd
cd no_file
exit
